2023-02-13 11:21:24 - PHP Warning:  mail() has been disabled for security reasons in /var/www/s198866/data/www/partner-serpukhov.ru/system/library/mail/mail.php on line 77
2023-02-13 14:33:18 - PHP Notice:  Undefined index: banner_id in /var/www/s198866/data/www/partner-serpukhov.ru/admin/controller/extension/module/supercarousel.php on line 95
2023-02-13 14:33:18 - PHP Notice:  Undefined index: width in /var/www/s198866/data/www/partner-serpukhov.ru/admin/controller/extension/module/supercarousel.php on line 107
2023-02-13 14:33:18 - PHP Notice:  Undefined index: height in /var/www/s198866/data/www/partner-serpukhov.ru/admin/controller/extension/module/supercarousel.php on line 115
2023-02-13 14:43:33 - PHP Notice:  Undefined index: banner_id in /var/www/s198866/data/www/partner-serpukhov.ru/admin/controller/extension/module/supercarousel.php on line 95
2023-02-13 14:43:33 - PHP Notice:  Undefined index: width in /var/www/s198866/data/www/partner-serpukhov.ru/admin/controller/extension/module/supercarousel.php on line 107
2023-02-13 14:43:33 - PHP Notice:  Undefined index: height in /var/www/s198866/data/www/partner-serpukhov.ru/admin/controller/extension/module/supercarousel.php on line 115
2023-02-13 15:16:11 - PHP Warning:  mail() has been disabled for security reasons in /var/www/s198866/data/www/partner-serpukhov.ru/system/library/mail/mail.php on line 77
2023-02-13 16:23:30 - PHP Notice:  Undefined index: banner_id in /var/www/s198866/data/www/partner-serpukhov.ru/catalog/controller/extension/module/supercarousel.php on line 15
2023-02-13 16:24:20 - PHP Notice:  Undefined index: banner_id in /var/www/s198866/data/www/partner-serpukhov.ru/catalog/controller/extension/module/supercarousel.php on line 15
2023-02-13 16:27:05 - PHP Warning:  Illegal string offset 'code' in /var/www/s198866/data/www/partner-serpukhov.ru/catalog/controller/event/language.php on line 6
2023-02-13 16:27:05 - PHP Warning:  Illegal string offset 'direction' in /var/www/s198866/data/www/partner-serpukhov.ru/catalog/controller/event/language.php on line 6
2023-02-13 16:27:05 - PHP Warning:  Illegal string offset 'date_format_short' in /var/www/s198866/data/www/partner-serpukhov.ru/catalog/controller/event/language.php on line 6
2023-02-13 16:27:05 - PHP Warning:  Illegal string offset 'date_format_long' in /var/www/s198866/data/www/partner-serpukhov.ru/catalog/controller/event/language.php on line 6
2023-02-13 16:27:05 - PHP Warning:  Illegal string offset 'time_format' in /var/www/s198866/data/www/partner-serpukhov.ru/catalog/controller/event/language.php on line 6
2023-02-13 16:27:05 - PHP Warning:  Illegal string offset 'datetime_format' in /var/www/s198866/data/www/partner-serpukhov.ru/catalog/controller/event/language.php on line 6
2023-02-13 16:27:05 - PHP Warning:  Illegal string offset 'decimal_point' in /var/www/s198866/data/www/partner-serpukhov.ru/catalog/controller/event/language.php on line 6
2023-02-13 16:27:05 - PHP Warning:  Illegal string offset 'thousand_point' in /var/www/s198866/data/www/partner-serpukhov.ru/catalog/controller/event/language.php on line 6
2023-02-13 16:27:05 - PHP Warning:  Cannot assign an empty string to a string offset in /var/www/s198866/data/www/partner-serpukhov.ru/catalog/controller/event/language.php on line 6
2023-02-13 16:27:05 - PHP Warning:  Illegal string offset 'text_home' in /var/www/s198866/data/www/partner-serpukhov.ru/catalog/controller/event/language.php on line 6
2023-02-13 16:27:05 - PHP Warning:  Illegal string offset 'text_yes' in /var/www/s198866/data/www/partner-serpukhov.ru/catalog/controller/event/language.php on line 6
2023-02-13 16:27:05 - PHP Warning:  Illegal string offset 'text_no' in /var/www/s198866/data/www/partner-serpukhov.ru/catalog/controller/event/language.php on line 6
2023-02-13 16:27:05 - PHP Warning:  Illegal string offset 'text_none' in /var/www/s198866/data/www/partner-serpukhov.ru/catalog/controller/event/language.php on line 6
2023-02-13 16:27:05 - PHP Warning:  Illegal string offset 'text_select' in /var/www/s198866/data/www/partner-serpukhov.ru/catalog/controller/event/language.php on line 6
2023-02-13 16:27:05 - PHP Warning:  Illegal string offset 'text_all_zones' in /var/www/s198866/data/www/partner-serpukhov.ru/catalog/controller/event/language.php on line 6
2023-02-13 16:27:05 - PHP Warning:  Illegal string offset 'text_pagination' in /var/www/s198866/data/www/partner-serpukhov.ru/catalog/controller/event/language.php on line 6
2023-02-13 16:27:05 - PHP Warning:  Illegal string offset 'text_loading' in /var/www/s198866/data/www/partner-serpukhov.ru/catalog/controller/event/language.php on line 6
2023-02-13 16:27:05 - PHP Warning:  Illegal string offset 'text_no_results' in /var/www/s198866/data/www/partner-serpukhov.ru/catalog/controller/event/language.php on line 6
2023-02-13 16:27:05 - PHP Warning:  Illegal string offset 'button_address_add' in /var/www/s198866/data/www/partner-serpukhov.ru/catalog/controller/event/language.php on line 6
2023-02-13 16:27:05 - PHP Warning:  Illegal string offset 'button_back' in /var/www/s198866/data/www/partner-serpukhov.ru/catalog/controller/event/language.php on line 6
2023-02-13 16:27:05 - PHP Warning:  Illegal string offset 'button_continue' in /var/www/s198866/data/www/partner-serpukhov.ru/catalog/controller/event/language.php on line 6
2023-02-13 16:27:05 - PHP Warning:  Illegal string offset 'button_cart' in /var/www/s198866/data/www/partner-serpukhov.ru/catalog/controller/event/language.php on line 6
2023-02-13 16:27:05 - PHP Warning:  Illegal string offset 'button_cancel' in /var/www/s198866/data/www/partner-serpukhov.ru/catalog/controller/event/language.php on line 6
2023-02-13 16:27:05 - PHP Warning:  Illegal string offset 'button_compare' in /var/www/s198866/data/www/partner-serpukhov.ru/catalog/controller/event/language.php on line 6
2023-02-13 16:27:05 - PHP Warning:  Illegal string offset 'button_wishlist' in /var/www/s198866/data/www/partner-serpukhov.ru/catalog/controller/event/language.php on line 6
2023-02-13 16:27:05 - PHP Warning:  Illegal string offset 'button_checkout' in /var/www/s198866/data/www/partner-serpukhov.ru/catalog/controller/event/language.php on line 6
2023-02-13 16:27:05 - PHP Warning:  Illegal string offset 'button_confirm' in /var/www/s198866/data/www/partner-serpukhov.ru/catalog/controller/event/language.php on line 6
2023-02-13 16:27:05 - PHP Warning:  Illegal string offset 'button_coupon' in /var/www/s198866/data/www/partner-serpukhov.ru/catalog/controller/event/language.php on line 6
2023-02-13 16:27:05 - PHP Warning:  Illegal string offset 'button_delete' in /var/www/s198866/data/www/partner-serpukhov.ru/catalog/controller/event/language.php on line 6
2023-02-13 16:27:05 - PHP Warning:  Illegal string offset 'button_download' in /var/www/s198866/data/www/partner-serpukhov.ru/catalog/controller/event/language.php on line 6
2023-02-13 16:27:05 - PHP Warning:  Illegal string offset 'button_edit' in /var/www/s198866/data/www/partner-serpukhov.ru/catalog/controller/event/language.php on line 6
2023-02-13 16:27:05 - PHP Warning:  Illegal string offset 'button_filter' in /var/www/s198866/data/www/partner-serpukhov.ru/catalog/controller/event/language.php on line 6
2023-02-13 16:27:05 - PHP Warning:  Illegal string offset 'button_new_address' in /var/www/s198866/data/www/partner-serpukhov.ru/catalog/controller/event/language.php on line 6
2023-02-13 16:27:05 - PHP Warning:  Illegal string offset 'button_change_address' in /var/www/s198866/data/www/partner-serpukhov.ru/catalog/controller/event/language.php on line 6
2023-02-13 16:27:05 - PHP Warning:  Illegal string offset 'button_reviews' in /var/www/s198866/data/www/partner-serpukhov.ru/catalog/controller/event/language.php on line 6
2023-02-13 16:27:05 - PHP Warning:  Illegal string offset 'button_write' in /var/www/s198866/data/www/partner-serpukhov.ru/catalog/controller/event/language.php on line 6
2023-02-13 16:27:05 - PHP Warning:  Illegal string offset 'button_login' in /var/www/s198866/data/www/partner-serpukhov.ru/catalog/controller/event/language.php on line 6
2023-02-13 16:27:05 - PHP Warning:  Illegal string offset 'button_update' in /var/www/s198866/data/www/partner-serpukhov.ru/catalog/controller/event/language.php on line 6
2023-02-13 16:27:05 - PHP Warning:  Illegal string offset 'button_remove' in /var/www/s198866/data/www/partner-serpukhov.ru/catalog/controller/event/language.php on line 6
2023-02-13 16:27:05 - PHP Warning:  Illegal string offset 'button_reorder' in /var/www/s198866/data/www/partner-serpukhov.ru/catalog/controller/event/language.php on line 6
2023-02-13 16:27:05 - PHP Warning:  Illegal string offset 'button_return' in /var/www/s198866/data/www/partner-serpukhov.ru/catalog/controller/event/language.php on line 6
2023-02-13 16:27:05 - PHP Warning:  Illegal string offset 'button_shopping' in /var/www/s198866/data/www/partner-serpukhov.ru/catalog/controller/event/language.php on line 6
2023-02-13 16:27:05 - PHP Warning:  Illegal string offset 'button_search' in /var/www/s198866/data/www/partner-serpukhov.ru/catalog/controller/event/language.php on line 6
2023-02-13 16:27:05 - PHP Warning:  Illegal string offset 'button_shipping' in /var/www/s198866/data/www/partner-serpukhov.ru/catalog/controller/event/language.php on line 6
2023-02-13 16:27:05 - PHP Warning:  Illegal string offset 'button_submit' in /var/www/s198866/data/www/partner-serpukhov.ru/catalog/controller/event/language.php on line 6
2023-02-13 16:27:05 - PHP Warning:  Illegal string offset 'button_guest' in /var/www/s198866/data/www/partner-serpukhov.ru/catalog/controller/event/language.php on line 6
2023-02-13 16:27:05 - PHP Warning:  Illegal string offset 'button_view' in /var/www/s198866/data/www/partner-serpukhov.ru/catalog/controller/event/language.php on line 6
2023-02-13 16:27:05 - PHP Warning:  Illegal string offset 'button_voucher' in /var/www/s198866/data/www/partner-serpukhov.ru/catalog/controller/event/language.php on line 6
2023-02-13 16:27:05 - PHP Warning:  Illegal string offset 'button_upload' in /var/www/s198866/data/www/partner-serpukhov.ru/catalog/controller/event/language.php on line 6
2023-02-13 16:27:05 - PHP Warning:  Illegal string offset 'button_reward' in /var/www/s198866/data/www/partner-serpukhov.ru/catalog/controller/event/language.php on line 6
2023-02-13 16:27:05 - PHP Warning:  Illegal string offset 'button_quote' in /var/www/s198866/data/www/partner-serpukhov.ru/catalog/controller/event/language.php on line 6
2023-02-13 16:27:05 - PHP Warning:  Illegal string offset 'button_list' in /var/www/s198866/data/www/partner-serpukhov.ru/catalog/controller/event/language.php on line 6
2023-02-13 16:27:05 - PHP Warning:  Illegal string offset 'button_grid' in /var/www/s198866/data/www/partner-serpukhov.ru/catalog/controller/event/language.php on line 6
2023-02-13 16:27:05 - PHP Warning:  Illegal string offset 'button_map' in /var/www/s198866/data/www/partner-serpukhov.ru/catalog/controller/event/language.php on line 6
2023-02-13 16:27:05 - PHP Warning:  Illegal string offset 'error_exception' in /var/www/s198866/data/www/partner-serpukhov.ru/catalog/controller/event/language.php on line 6
2023-02-13 16:27:05 - PHP Warning:  Illegal string offset 'error_upload_1' in /var/www/s198866/data/www/partner-serpukhov.ru/catalog/controller/event/language.php on line 6
2023-02-13 16:27:05 - PHP Warning:  Illegal string offset 'error_upload_2' in /var/www/s198866/data/www/partner-serpukhov.ru/catalog/controller/event/language.php on line 6
2023-02-13 16:27:05 - PHP Warning:  Illegal string offset 'error_upload_3' in /var/www/s198866/data/www/partner-serpukhov.ru/catalog/controller/event/language.php on line 6
2023-02-13 16:27:05 - PHP Warning:  Illegal string offset 'error_upload_4' in /var/www/s198866/data/www/partner-serpukhov.ru/catalog/controller/event/language.php on line 6
2023-02-13 16:27:05 - PHP Warning:  Illegal string offset 'error_upload_6' in /var/www/s198866/data/www/partner-serpukhov.ru/catalog/controller/event/language.php on line 6
2023-02-13 16:27:05 - PHP Warning:  Illegal string offset 'error_upload_7' in /var/www/s198866/data/www/partner-serpukhov.ru/catalog/controller/event/language.php on line 6
2023-02-13 16:27:05 - PHP Warning:  Illegal string offset 'error_upload_8' in /var/www/s198866/data/www/partner-serpukhov.ru/catalog/controller/event/language.php on line 6
2023-02-13 16:27:05 - PHP Warning:  Illegal string offset 'error_upload_999' in /var/www/s198866/data/www/partner-serpukhov.ru/catalog/controller/event/language.php on line 6
2023-02-13 16:27:05 - PHP Warning:  Illegal string offset 'error_curl' in /var/www/s198866/data/www/partner-serpukhov.ru/catalog/controller/event/language.php on line 6
2023-02-13 16:27:05 - PHP Warning:  Illegal string offset 'datepicker' in /var/www/s198866/data/www/partner-serpukhov.ru/catalog/controller/event/language.php on line 6
2023-02-13 16:27:05 - PHP Warning:  Illegal string offset 'backup' in /var/www/s198866/data/www/partner-serpukhov.ru/catalog/controller/event/language.php on line 6
2023-02-13 16:27:05 - PHP Notice:  Array to string conversion in /var/www/s198866/data/www/partner-serpukhov.ru/catalog/controller/event/language.php on line 6
2023-02-13 16:27:05 - PHP Warning:  Illegal string offset 'heading_title' in /var/www/s198866/data/www/partner-serpukhov.ru/catalog/controller/event/language.php on line 6
2023-02-13 16:27:05 - PHP Warning:  Illegal string offset 'text_tax' in /var/www/s198866/data/www/partner-serpukhov.ru/catalog/controller/event/language.php on line 6
2023-02-13 16:27:05 - PHP Warning:  Invalid argument supplied for foreach() in /var/www/s198866/data/www/partner-serpukhov.ru/system/storage/modification/system/engine/loader.php on line 121
2023-02-13 16:28:31 - PHP Warning:  mail() has been disabled for security reasons in /var/www/s198866/data/www/partner-serpukhov.ru/system/library/mail/mail.php on line 77
2023-02-13 16:36:35 - PHP Warning:  mail() has been disabled for security reasons in /var/www/s198866/data/www/partner-serpukhov.ru/system/library/mail/mail.php on line 77
2023-02-13 16:41:39 - PHP Notice:  Undefined index: banner_id in /var/www/s198866/data/www/partner-serpukhov.ru/catalog/controller/extension/module/supercarousel.php on line 15
2023-02-13 16:41:57 - PHP Notice:  Undefined index: banner_id in /var/www/s198866/data/www/partner-serpukhov.ru/catalog/controller/extension/module/supercarousel.php on line 12
2023-02-13 16:43:08 - PHP Notice:  Undefined index: banner_id in /var/www/s198866/data/www/partner-serpukhov.ru/catalog/controller/extension/module/supercarousel.php on line 12
2023-02-13 16:43:09 - PHP Warning:  mail() has been disabled for security reasons in /var/www/s198866/data/www/partner-serpukhov.ru/system/library/mail/mail.php on line 77
2023-02-13 16:43:23 - PHP Notice:  Undefined index: banner_id in /var/www/s198866/data/www/partner-serpukhov.ru/catalog/controller/extension/module/supercarousel.php on line 15
2023-02-13 16:45:39 - PHP Notice:  Undefined index: banner_id in /var/www/s198866/data/www/partner-serpukhov.ru/catalog/controller/extension/module/supercarousel.php on line 15
2023-02-13 16:48:20 - PHP Notice:  Undefined index: banner_id in /var/www/s198866/data/www/partner-serpukhov.ru/catalog/controller/extension/module/supercarousel.php on line 15
2023-02-13 16:54:39 - PHP Notice:  Undefined index: banner_id in /var/www/s198866/data/www/partner-serpukhov.ru/catalog/controller/extension/module/supercarousel.php on line 15
2023-02-13 16:54:42 - PHP Notice:  Undefined index: banner_id in /var/www/s198866/data/www/partner-serpukhov.ru/catalog/controller/extension/module/supercarousel.php on line 15
2023-02-13 16:54:49 - PHP Notice:  Undefined index: banner_id in /var/www/s198866/data/www/partner-serpukhov.ru/catalog/controller/extension/module/supercarousel.php on line 15
2023-02-13 16:55:37 - PHP Notice:  Undefined index: banner_id in /var/www/s198866/data/www/partner-serpukhov.ru/catalog/controller/extension/module/supercarousel.php on line 15
2023-02-13 16:55:46 - PHP Notice:  Undefined index: banner_id in /var/www/s198866/data/www/partner-serpukhov.ru/catalog/controller/extension/module/supercarousel.php on line 15
2023-02-13 16:56:09 - PHP Notice:  Undefined index: banner_id in /var/www/s198866/data/www/partner-serpukhov.ru/catalog/controller/extension/module/supercarousel.php on line 13
2023-02-13 17:00:36 - PHP Notice:  Undefined index: banner_id in /var/www/s198866/data/www/partner-serpukhov.ru/catalog/controller/extension/module/supercarousel.php on line 15
2023-02-13 17:01:19 - PHP Notice:  Undefined variable: results in /var/www/s198866/data/www/partner-serpukhov.ru/catalog/controller/extension/module/supercarousel.php on line 17
2023-02-13 17:01:19 - PHP Warning:  Invalid argument supplied for foreach() in /var/www/s198866/data/www/partner-serpukhov.ru/catalog/controller/extension/module/supercarousel.php on line 17
2023-02-13 17:27:59 - PHP Warning:  mail() has been disabled for security reasons in /var/www/s198866/data/www/partner-serpukhov.ru/system/library/mail/mail.php on line 77
2023-02-13 18:06:27 - PHP Warning:  Invalid argument supplied for foreach() in /var/www/s198866/data/www/partner-serpukhov.ru/system/storage/modification/system/engine/loader.php on line 83
2023-02-13 18:06:27 - PHP Notice:  Undefined variable: product_id in /var/www/s198866/data/www/partner-serpukhov.ru/catalog/controller/extension/module/supercarousel.php on line 10
2023-02-13 18:25:48 - PHP Warning:  Invalid argument supplied for foreach() in /var/www/s198866/data/www/partner-serpukhov.ru/system/storage/modification/system/engine/loader.php on line 83
2023-02-13 18:25:48 - PHP Notice:  Undefined variable: product_id in /var/www/s198866/data/www/partner-serpukhov.ru/catalog/controller/extension/module/supercarousel.php on line 9
2023-02-13 18:30:08 - PHP Notice:  Undefined variable: product_id in /var/www/s198866/data/www/partner-serpukhov.ru/catalog/controller/extension/module/supercarousel.php on line 9
2023-02-13 18:30:50 - PHP Notice:  Undefined variable: product_id in /var/www/s198866/data/www/partner-serpukhov.ru/catalog/controller/extension/module/supercarousel.php on line 9
2023-02-13 18:31:11 - PHP Notice:  Undefined variable: order_id in /var/www/s198866/data/www/partner-serpukhov.ru/catalog/model/extension/module/supercarousel.php on line 7
2023-02-13 18:39:13 - PHP Notice:  Undefined variable: order_id in /var/www/s198866/data/www/partner-serpukhov.ru/catalog/model/extension/module/supercarousel.php on line 7
2023-02-13 18:46:14 - PHP Notice:  Undefined variable: order_id in /var/www/s198866/data/www/partner-serpukhov.ru/catalog/model/extension/module/supercarousel.php on line 7
2023-02-13 19:01:07 - PHP Notice:  Undefined variable: order_id in /var/www/s198866/data/www/partner-serpukhov.ru/catalog/model/extension/module/supercarousel.php on line 7
2023-02-13 19:29:23 - PHP Notice:  Undefined variable: order_id in /var/www/s198866/data/www/partner-serpukhov.ru/catalog/model/extension/module/supercarousel.php on line 7
2023-02-13 19:29:51 - PHP Notice:  Undefined variable: order_id in /var/www/s198866/data/www/partner-serpukhov.ru/catalog/model/extension/module/supercarousel.php on line 7
2023-02-13 19:31:25 - PHP Notice:  Undefined variable: order_id in /var/www/s198866/data/www/partner-serpukhov.ru/catalog/model/extension/module/supercarousel.php on line 7
2023-02-13 19:32:54 - PHP Notice:  Undefined variable: order_id in /var/www/s198866/data/www/partner-serpukhov.ru/catalog/model/extension/module/supercarousel.php on line 7
2023-02-13 19:39:31 - PHP Notice:  Undefined variable: order_id in /var/www/s198866/data/www/partner-serpukhov.ru/catalog/model/extension/module/supercarousel.php on line 7
2023-02-13 20:52:37 - PHP Notice:  Undefined variable: order_id in /var/www/s198866/data/www/partner-serpukhov.ru/catalog/model/extension/module/supercarousel.php on line 7
2023-02-13 21:03:55 - PHP Notice:  Undefined variable: order_id in /var/www/s198866/data/www/partner-serpukhov.ru/catalog/model/extension/module/supercarousel.php on line 7
2023-02-14 1:46:04 - PHP Notice:  Undefined variable: order_id in /var/www/s198866/data/www/partner-serpukhov.ru/catalog/model/extension/module/supercarousel.php on line 7
2023-02-14 1:46:05 - PHP Warning:  mail() has been disabled for security reasons in /var/www/s198866/data/www/partner-serpukhov.ru/system/library/mail/mail.php on line 77
2023-02-14 1:59:32 - PHP Notice:  Undefined variable: order_id in /var/www/s198866/data/www/partner-serpukhov.ru/catalog/model/extension/module/supercarousel.php on line 7
2023-02-14 1:59:33 - PHP Warning:  mail() has been disabled for security reasons in /var/www/s198866/data/www/partner-serpukhov.ru/system/library/mail/mail.php on line 77
2023-02-14 4:01:52 - PHP Notice:  Undefined variable: order_id in /var/www/s198866/data/www/partner-serpukhov.ru/catalog/model/extension/module/supercarousel.php on line 7
2023-02-14 4:34:19 - PHP Notice:  Undefined index: rows in /var/www/s198866/data/www/partner-serpukhov.ru/catalog/model/extension/module/supercarousel.php on line 14
2023-02-14 4:41:29 - PHP Notice:  Undefined offset: 0 in /var/www/s198866/data/www/partner-serpukhov.ru/catalog/model/extension/module/supercarousel.php on line 17
2023-02-14 4:41:29 - PHP Notice:  Undefined offset: 0 in /var/www/s198866/data/www/partner-serpukhov.ru/catalog/model/extension/module/supercarousel.php on line 17
2023-02-14 4:42:33 - PHP Notice:  Undefined offset: 0 in /var/www/s198866/data/www/partner-serpukhov.ru/catalog/model/extension/module/supercarousel.php on line 16
2023-02-14 4:42:33 - PHP Notice:  Undefined offset: 0 in /var/www/s198866/data/www/partner-serpukhov.ru/catalog/model/extension/module/supercarousel.php on line 16
2023-02-14 5:02:14 - PHP Warning:  array_push() expects parameter 1 to be array, null given in /var/www/s198866/data/www/partner-serpukhov.ru/catalog/model/extension/module/supercarousel.php on line 42
2023-02-14 5:02:14 - PHP Warning:  array_push() expects parameter 1 to be array, null given in /var/www/s198866/data/www/partner-serpukhov.ru/catalog/model/extension/module/supercarousel.php on line 42
2023-02-14 5:02:31 - PHP Warning:  array_push() expects parameter 1 to be array, null given in /var/www/s198866/data/www/partner-serpukhov.ru/catalog/model/extension/module/supercarousel.php on line 42
2023-02-14 5:02:31 - PHP Warning:  array_push() expects parameter 1 to be array, null given in /var/www/s198866/data/www/partner-serpukhov.ru/catalog/model/extension/module/supercarousel.php on line 42
2023-02-14 5:02:46 - PHP Warning:  array_push() expects parameter 1 to be array, null given in /var/www/s198866/data/www/partner-serpukhov.ru/catalog/model/extension/module/supercarousel.php on line 42
2023-02-14 5:02:46 - PHP Warning:  array_push() expects parameter 1 to be array, null given in /var/www/s198866/data/www/partner-serpukhov.ru/catalog/model/extension/module/supercarousel.php on line 42
2023-02-14 5:04:27 - PHP Notice:  Undefined variable: products in /var/www/s198866/data/www/partner-serpukhov.ru/catalog/model/extension/module/supercarousel.php on line 42
2023-02-14 5:05:48 - PHP Notice:  Undefined variable: products in /var/www/s198866/data/www/partner-serpukhov.ru/catalog/model/extension/module/supercarousel.php on line 43
2023-02-14 5:08:15 - PHP Notice:  Undefined variable: products in /var/www/s198866/data/www/partner-serpukhov.ru/catalog/model/extension/module/supercarousel.php on line 43
2023-02-14 5:52:52 - PHP Notice:  Undefined index: liquidation in /var/www/s198866/data/www/partner-serpukhov.ru/admin/controller/extension/module/supercarousel.php on line 106
2023-02-14 16:26:57 - PHP Notice:  Undefined index: width in /var/www/s198866/data/www/partner-serpukhov.ru/catalog/controller/extension/module/supercarousel.php on line 15
2023-02-14 16:26:57 - PHP Notice:  Undefined index: height in /var/www/s198866/data/www/partner-serpukhov.ru/catalog/controller/extension/module/supercarousel.php on line 15
2023-02-14 16:28:10 - PHP Notice:  Undefined index: width in /var/www/s198866/data/www/partner-serpukhov.ru/catalog/controller/extension/module/supercarousel.php on line 16
2023-02-14 16:28:10 - PHP Notice:  Undefined index: height in /var/www/s198866/data/www/partner-serpukhov.ru/catalog/controller/extension/module/supercarousel.php on line 16
2023-02-14 17:39:00 - PHP Warning:  mail() has been disabled for security reasons in /var/www/s198866/data/www/partner-serpukhov.ru/system/library/mail/mail.php on line 77
2023-02-14 18:37:16 - PHP Warning:  mail() has been disabled for security reasons in /var/www/s198866/data/www/partner-serpukhov.ru/system/library/mail/mail.php on line 77
2023-02-14 18:56:21 - PHP Warning:  array_unique() expects parameter 1 to be array, object given in /var/www/s198866/data/www/partner-serpukhov.ru/catalog/model/extension/module/supercarousel.php on line 31
2023-02-14 19:19:42 - PHP Warning:  mail() has been disabled for security reasons in /var/www/s198866/data/www/partner-serpukhov.ru/system/library/mail/mail.php on line 77
2023-02-14 20:57:38 - PHP Warning:  mail() has been disabled for security reasons in /var/www/s198866/data/www/partner-serpukhov.ru/system/library/mail/mail.php on line 77
2023-02-14 21:36:07 - PHP Warning:  mail() has been disabled for security reasons in /var/www/s198866/data/www/partner-serpukhov.ru/system/library/mail/mail.php on line 77
2023-02-15 3:00:24 - PHP Warning:  mail() has been disabled for security reasons in /var/www/s198866/data/www/partner-serpukhov.ru/system/library/mail/mail.php on line 77
